  Camera.cpp
  Collision.cpp
  main.cpp
C:\Users\Diana\Documents\Faculta\an3\gp\FinalProject_Github\HelloWindow\main.cpp(219,17): warning C4244: '=': conversion from 'double' to 'float', possible loss of data
C:\Users\Diana\Documents\Faculta\an3\gp\FinalProject_Github\HelloWindow\main.cpp(220,17): warning C4244: '=': conversion from 'double' to 'float', possible loss of data
C:\Users\Diana\Documents\Faculta\an3\gp\FinalProject_Github\HelloWindow\main.cpp(224,19): warning C4244: 'initializing': conversion from 'double' to 'float', possible loss of data
C:\Users\Diana\Documents\Faculta\an3\gp\FinalProject_Github\HelloWindow\main.cpp(225,19): warning C4244: 'initializing': conversion from 'double' to 'float', possible loss of data
C:\Users\Diana\Documents\Faculta\an3\gp\FinalProject_Github\HelloWindow\main.cpp(226,13): warning C4244: '=': conversion from 'double' to 'float', possible loss of data
C:\Users\Diana\Documents\Faculta\an3\gp\FinalProject_Github\HelloWindow\main.cpp(227,13): warning C4244: '=': conversion from 'double' to 'float', possible loss of data
C:\Users\Diana\Documents\Faculta\an3\gp\FinalProject_Github\HelloWindow\main.cpp(891,24): warning C4244: 'initializing': conversion from 'double' to 'float', possible loss of data
  Mesh.cpp
C:\Users\Diana\Documents\Faculta\an3\gp\FinalProject_Github\HelloWindow\Mesh.cpp(32,72): warning C4267: 'argument': conversion from 'size_t' to 'GLsizei', possible loss of data
  Model3D.cpp
C:\Users\Diana\Documents\Faculta\an3\gp\FinalProject_Github\HelloWindow\Model3D.cpp(23,11): warning C4477: 'printf' : format string '%s' requires an argument of type 'char *', but variadic argument 1 has type 'const std::string'
  Shader.cpp
  SkyBox.cpp
  stb_image.cpp
  Window.cpp
  Generating Code...
LINK : warning LNK4217: symbol '__glewActiveTexture' defined in 'libglew32d.lib(glew.obj)' is imported by 'Mesh.obj' in function '"public: void __cdecl Mesh::Draw(class gps::Shader)" (?Draw@Mesh@@QEAAXVShader@gps@@@Z)'
LINK : warning LNK4286: symbol '__glewActiveTexture' defined in 'libglew32d.lib(glew.obj)' is imported by 'SkyBox.obj'
LINK : warning LNK4217: symbol '__glewBindBuffer' defined in 'libglew32d.lib(glew.obj)' is imported by 'Mesh.obj' in function '"private: void __cdecl Mesh::setupMesh(void)" (?setupMesh@Mesh@@AEAAXXZ)'
LINK : warning LNK4286: symbol '__glewBindBuffer' defined in 'libglew32d.lib(glew.obj)' is imported by 'SkyBox.obj'
LINK : warning LNK4217: symbol '__glewBufferData' defined in 'libglew32d.lib(glew.obj)' is imported by 'Mesh.obj' in function '"private: void __cdecl Mesh::setupMesh(void)" (?setupMesh@Mesh@@AEAAXXZ)'
LINK : warning LNK4286: symbol '__glewBufferData' defined in 'libglew32d.lib(glew.obj)' is imported by 'SkyBox.obj'
LINK : warning LNK4217: symbol '__glewGenBuffers' defined in 'libglew32d.lib(glew.obj)' is imported by 'Mesh.obj' in function '"private: void __cdecl Mesh::setupMesh(void)" (?setupMesh@Mesh@@AEAAXXZ)'
LINK : warning LNK4286: symbol '__glewGenBuffers' defined in 'libglew32d.lib(glew.obj)' is imported by 'SkyBox.obj'
LINK : warning LNK4217: symbol '__glewEnableVertexAttribArray' defined in 'libglew32d.lib(glew.obj)' is imported by 'Mesh.obj' in function '"private: void __cdecl Mesh::setupMesh(void)" (?setupMesh@Mesh@@AEAAXXZ)'
LINK : warning LNK4286: symbol '__glewEnableVertexAttribArray' defined in 'libglew32d.lib(glew.obj)' is imported by 'SkyBox.obj'
LINK : warning LNK4217: symbol '__glewGetUniformLocation' defined in 'libglew32d.lib(glew.obj)' is imported by 'Mesh.obj' in function '"public: void __cdecl Mesh::Draw(class gps::Shader)" (?Draw@Mesh@@QEAAXVShader@gps@@@Z)'
LINK : warning LNK4286: symbol '__glewGetUniformLocation' defined in 'libglew32d.lib(glew.obj)' is imported by 'SkyBox.obj'
LINK : warning LNK4217: symbol '__glewUniform1i' defined in 'libglew32d.lib(glew.obj)' is imported by 'Mesh.obj' in function '"public: void __cdecl Mesh::Draw(class gps::Shader)" (?Draw@Mesh@@QEAAXVShader@gps@@@Z)'
LINK : warning LNK4286: symbol '__glewUniform1i' defined in 'libglew32d.lib(glew.obj)' is imported by 'SkyBox.obj'
LINK : warning LNK4217: symbol '__glewVertexAttribPointer' defined in 'libglew32d.lib(glew.obj)' is imported by 'Mesh.obj' in function '"private: void __cdecl Mesh::setupMesh(void)" (?setupMesh@Mesh@@AEAAXXZ)'
LINK : warning LNK4286: symbol '__glewVertexAttribPointer' defined in 'libglew32d.lib(glew.obj)' is imported by 'SkyBox.obj'
LINK : warning LNK4217: symbol '__glewBindVertexArray' defined in 'libglew32d.lib(glew.obj)' is imported by 'Mesh.obj' in function '"public: void __cdecl Mesh::Draw(class gps::Shader)" (?Draw@Mesh@@QEAAXVShader@gps@@@Z)'
LINK : warning LNK4286: symbol '__glewBindVertexArray' defined in 'libglew32d.lib(glew.obj)' is imported by 'SkyBox.obj'
LINK : warning LNK4217: symbol '__glewGenVertexArrays' defined in 'libglew32d.lib(glew.obj)' is imported by 'Mesh.obj' in function '"private: void __cdecl Mesh::setupMesh(void)" (?setupMesh@Mesh@@AEAAXXZ)'
LINK : warning LNK4286: symbol '__glewGenVertexArrays' defined in 'libglew32d.lib(glew.obj)' is imported by 'SkyBox.obj'
LINK : warning LNK4217: symbol '__glewGenerateMipmap' defined in 'libglew32d.lib(glew.obj)' is imported by 'Model3D.obj' in function '"private: unsigned int __cdecl Model3D::ReadTextureFromFile(char const *)" (?ReadTextureFromFile@Model3D@@AEAAIPEBD@Z)'
LINK : warning LNK4217: symbol '__glewAttachShader' defined in 'libglew32d.lib(glew.obj)' is imported by 'Shader.obj' in function '"public: void __cdecl gps::Shader::loadShader(class std::basic_string<char,struct std::char_traits<char>,class std::allocator<char> >,class std::basic_string<char,struct std::char_traits<char>,class std::allocator<char> >)" (?loadShader@Shader@gps@@QEAAXV?$basic_string@DU?$char_traits@D@std@@V?$allocator@D@2@@std@@0@Z)'
LINK : warning LNK4217: symbol '__glewCompileShader' defined in 'libglew32d.lib(glew.obj)' is imported by 'Shader.obj' in function '"public: void __cdecl gps::Shader::loadShader(class std::basic_string<char,struct std::char_traits<char>,class std::allocator<char> >,class std::basic_string<char,struct std::char_traits<char>,class std::allocator<char> >)" (?loadShader@Shader@gps@@QEAAXV?$basic_string@DU?$char_traits@D@std@@V?$allocator@D@2@@std@@0@Z)'
LINK : warning LNK4217: symbol '__glewCreateProgram' defined in 'libglew32d.lib(glew.obj)' is imported by 'Shader.obj' in function '"public: void __cdecl gps::Shader::loadShader(class std::basic_string<char,struct std::char_traits<char>,class std::allocator<char> >,class std::basic_string<char,struct std::char_traits<char>,class std::allocator<char> >)" (?loadShader@Shader@gps@@QEAAXV?$basic_string@DU?$char_traits@D@std@@V?$allocator@D@2@@std@@0@Z)'
LINK : warning LNK4217: symbol '__glewCreateShader' defined in 'libglew32d.lib(glew.obj)' is imported by 'Shader.obj' in function '"public: void __cdecl gps::Shader::loadShader(class std::basic_string<char,struct std::char_traits<char>,class std::allocator<char> >,class std::basic_string<char,struct std::char_traits<char>,class std::allocator<char> >)" (?loadShader@Shader@gps@@QEAAXV?$basic_string@DU?$char_traits@D@std@@V?$allocator@D@2@@std@@0@Z)'
LINK : warning LNK4217: symbol '__glewDeleteShader' defined in 'libglew32d.lib(glew.obj)' is imported by 'Shader.obj' in function '"public: void __cdecl gps::Shader::loadShader(class std::basic_string<char,struct std::char_traits<char>,class std::allocator<char> >,class std::basic_string<char,struct std::char_traits<char>,class std::allocator<char> >)" (?loadShader@Shader@gps@@QEAAXV?$basic_string@DU?$char_traits@D@std@@V?$allocator@D@2@@std@@0@Z)'
LINK : warning LNK4217: symbol '__glewGetProgramInfoLog' defined in 'libglew32d.lib(glew.obj)' is imported by 'Shader.obj' in function '"private: void __cdecl gps::Shader::shaderLinkLog(unsigned int)" (?shaderLinkLog@Shader@gps@@AEAAXI@Z)'
LINK : warning LNK4217: symbol '__glewGetProgramiv' defined in 'libglew32d.lib(glew.obj)' is imported by 'Shader.obj' in function '"private: void __cdecl gps::Shader::shaderLinkLog(unsigned int)" (?shaderLinkLog@Shader@gps@@AEAAXI@Z)'
LINK : warning LNK4217: symbol '__glewGetShaderInfoLog' defined in 'libglew32d.lib(glew.obj)' is imported by 'Shader.obj' in function '"private: void __cdecl gps::Shader::shaderCompileLog(unsigned int)" (?shaderCompileLog@Shader@gps@@AEAAXI@Z)'
LINK : warning LNK4217: symbol '__glewGetShaderiv' defined in 'libglew32d.lib(glew.obj)' is imported by 'Shader.obj' in function '"private: void __cdecl gps::Shader::shaderCompileLog(unsigned int)" (?shaderCompileLog@Shader@gps@@AEAAXI@Z)'
LINK : warning LNK4217: symbol '__glewLinkProgram' defined in 'libglew32d.lib(glew.obj)' is imported by 'Shader.obj' in function '"public: void __cdecl gps::Shader::loadShader(class std::basic_string<char,struct std::char_traits<char>,class std::allocator<char> >,class std::basic_string<char,struct std::char_traits<char>,class std::allocator<char> >)" (?loadShader@Shader@gps@@QEAAXV?$basic_string@DU?$char_traits@D@std@@V?$allocator@D@2@@std@@0@Z)'
LINK : warning LNK4217: symbol '__glewShaderSource' defined in 'libglew32d.lib(glew.obj)' is imported by 'Shader.obj' in function '"public: void __cdecl gps::Shader::loadShader(class std::basic_string<char,struct std::char_traits<char>,class std::allocator<char> >,class std::basic_string<char,struct std::char_traits<char>,class std::allocator<char> >)" (?loadShader@Shader@gps@@QEAAXV?$basic_string@DU?$char_traits@D@std@@V?$allocator@D@2@@std@@0@Z)'
LINK : warning LNK4217: symbol '__glewUseProgram' defined in 'libglew32d.lib(glew.obj)' is imported by 'Shader.obj' in function '"public: void __cdecl gps::Shader::useShaderProgram(void)" (?useShaderProgram@Shader@gps@@QEAAXXZ)'
LINK : warning LNK4217: symbol '__glewUniformMatrix4fv' defined in 'libglew32d.lib(glew.obj)' is imported by 'SkyBox.obj' in function '"public: void __cdecl gps::SkyBox::Draw(class gps::Shader,struct glm::mat<4,4,float,0>,struct glm::mat<4,4,float,0>)" (?Draw@SkyBox@gps@@QEAAXVShader@2@U?$mat@$03$03M$0A@@glm@@1@Z)'
LINK : warning LNK4217: symbol 'glewInit' defined in 'libglew32d.lib(glew.obj)' is imported by 'Window.obj' in function '"public: void __cdecl gps::Window::Create(int,int,char const *)" (?Create@Window@gps@@QEAAXHHPEBD@Z)'
LINK : warning LNK4217: symbol 'glewExperimental' defined in 'libglew32d.lib(glew.obj)' is imported by 'Window.obj' in function '"public: void __cdecl gps::Window::Create(int,int,char const *)" (?Create@Window@gps@@QEAAXHHPEBD@Z)'
  HelloWindow.vcxproj -> C:\Users\Diana\Documents\Faculta\an3\gp\FinalProject_Github\x64\Debug\HelloWindow.exe
